[GIN-debug] [WARNING] Creating an Engine instance with the Logger and Recovery middleware already attached.

[GIN-debug] [WARNING] Running in "debug" mode. Switch to "release" mode in production.
 - using env:	export GIN_MODE=release
 - using code:	gin.SetMode(gin.ReleaseMode)

[GIN-debug] GET    /                         --> example.com/m/v2/app/home.Index (3 handlers)
[GIN-debug] GET    /comic/:id                --> example.com/m/v2/app/home.Comic (3 handlers)
[GIN-debug] GET    /comic/:id/:pid           --> example.com/m/v2/app/home.Reader (3 handlers)
[GIN-debug] GET    /login                    --> example.com/m/v2/routers.Index.func1 (3 handlers)
[GIN-debug] GET    /chptcha                  --> example.com/m/v2/routers.Index.func2 (3 handlers)
[GIN-debug] GET    /public/*filepath         --> github.com/gin-gonic/gin.(*RouterGroup).createStaticHandler.func1 (3 handlers)
[GIN-debug] HEAD   /public/*filepath         --> github.com/gin-gonic/gin.(*RouterGroup).createStaticHandler.func1 (3 handlers)
[GIN-debug] Loaded HTML Templates (18): 
	- index.html
	- admin/index.html
	- chptcha.html
	- index/chptcha.html
	- header.html
	- m_index_s.html
	- 
	- footer.html
	- index/header
	- info.html
	- index/login.html
	- index/m_index_s.html
	- reader.html
	- admin/login.html
	- index/footer
	- index/info.html
	- login.html
	- index/reader.html

[GIN-debug] [WARNING] Creating an Engine instance with the Logger and Recovery middleware already attached.

[GIN-debug] [WARNING] Running in "debug" mode. Switch to "release" mode in production.
 - using env:	export GIN_MODE=release
 - using code:	gin.SetMode(gin.ReleaseMode)

[GIN-debug] GET    /                         --> example.com/m/v2/app/admin.Index (3 handlers)
[GIN-debug] GET    /login                    --> example.com/m/v2/app/admin.Login (3 handlers)
[GIN-debug] POST   /login                    --> example.com/m/v2/app/admin.Login (3 handlers)
[GIN-debug] GET    /setting                  --> example.com/m/v2/app/admin.Setting (3 handlers)
[GIN-debug] GET    /public/*filepath         --> github.com/gin-gonic/gin.(*RouterGroup).createStaticHandler.func1 (3 handlers)
[GIN-debug] HEAD   /public/*filepath         --> github.com/gin-gonic/gin.(*RouterGroup).createStaticHandler.func1 (3 handlers)
[GIN-debug] Loaded HTML Templates (18): 
	- footer.html
	- info.html
	- reader.html
	- index.html
	- admin/index.html
	- admin/login.html
	- chptcha.html
	- index/login.html
	- index/reader.html
	- login.html
	- index/chptcha.html
	- header.html
	- index/info.html
	- index/footer
	- index/header
	- index/m_index_s.html
	- 
	- m_index_s.html

[GIN-debug] [WARNING] Creating an Engine instance with the Logger and Recovery middleware already attached.

[GIN-debug] [WARNING] Running in "debug" mode. Switch to "release" mode in production.
 - using env:	export GIN_MODE=release
 - using code:	gin.SetMode(gin.ReleaseMode)

[GIN-debug] GET    /                         --> example.com/m/v2/app/mobile.Index (3 handlers)
[GIN-debug] GET    /public/*filepath         --> github.com/gin-gonic/gin.(*RouterGroup).createStaticHandler.func1 (3 handlers)
[GIN-debug] HEAD   /public/*filepath         --> github.com/gin-gonic/gin.(*RouterGroup).createStaticHandler.func1 (3 handlers)
[GIN-debug] Loaded HTML Templates (18): 
	- index/header
	- m_index_s.html
	- index/m_index_s.html
	- index/reader.html
	- 
	- admin/index.html
	- footer.html
	- index/login.html
	- reader.html
	- admin/login.html
	- index/footer
	- index/info.html
	- chptcha.html
	- header.html
	- info.html
	- index.html
	- login.html
	- index/chptcha.html

[GIN-debug] Listening and serving HTTP on :8082
[GIN-debug] Listening and serving HTTP on :8081
[GIN-debug] Listening and serving HTTP on :8080
[GIN] 2021/08/10 - 22:06:49 | 404 |     17.2027ms |       127.0.0.1 | POST     "/login"
[GIN] 2021/08/10 - 22:12:36 | 404 |            0s |       127.0.0.1 | POST     "/login"
[GIN] 2021/08/10 - 22:17:07 | 404 |            0s |       127.0.0.1 | POST     "/login"
[GIN] 2021/08/10 - 22:26:29 | 200 |      4.5266ms |       127.0.0.1 | GET      "/"
[GIN] 2021/08/10 - 22:26:29 | 304 |       525.6µs |       127.0.0.1 | GET      "/public/remixicon/fonts/remixicon.css"
[GIN] 2021/08/10 - 22:26:29 | 304 |       505.6µs |       127.0.0.1 | GET      "/public/admin/css/base.css"
[GIN] 2021/08/10 - 22:26:29 | 304 |         997µs |       127.0.0.1 | GET      "/public/admin/css/index.css"
[GIN] 2021/08/10 - 22:26:29 | 304 |      1.3382ms |       127.0.0.1 | GET      "/public/jquery/jquery.min-3.2.1.js"
[GIN] 2021/08/10 - 22:26:29 | 304 |       735.3µs |       127.0.0.1 | GET      "/public/admin/js/app.js"
[GIN] 2021/08/10 - 22:26:29 | 304 |            0s |       127.0.0.1 | GET      "/public/admin/js/index.js"
[GIN] 2021/08/10 - 22:26:29 | 304 |            0s |       127.0.0.1 | GET      "/public/admin/img/load.gif"
[GIN] 2021/08/10 - 22:26:29 | 304 |            0s |       127.0.0.1 | GET      "/public/admin/js/config.js"
[GIN] 2021/08/10 - 22:26:29 | 304 |       506.5µs |       127.0.0.1 | GET      "/public/admin/views/header.html"
[GIN] 2021/08/10 - 22:26:29 | 304 |       529.3µs |       127.0.0.1 | GET      "/public/admin/views/left.html"
[GIN] 2021/08/10 - 22:26:29 | 304 |            0s |       127.0.0.1 | GET      "/public/admin/views/home.html"
[GIN] 2021/08/10 - 22:26:29 | 304 |            0s |       127.0.0.1 | GET      "/public/admin/js/menu.js"
[GIN] 2021/08/10 - 22:26:29 | 304 |            0s |       127.0.0.1 | GET      "/public/remixicon/fonts/remixicon.woff2?t=1590207869815"
[GIN] 2021/08/10 - 22:26:32 | 304 |       452.7µs |       127.0.0.1 | GET      "/public/admin/views/link.html"
[GIN] 2021/08/10 - 22:26:35 | 304 |         209µs |       127.0.0.1 | GET      "/public/admin/views/comic.html"
[GIN] 2021/08/10 - 22:26:43 | 304 |            0s |       127.0.0.1 | GET      "/public/admin/views/articlemanage.html"
[GIN] 2021/08/10 - 22:27:00 | 200 |        2.66ms |       127.0.0.1 | GET      "/"
[GIN] 2021/08/10 - 22:27:11 | 200 |      3.6976ms |       127.0.0.1 | GET      "/login"
